10:34:59.685 [main] INFO  com.intuit.karate.Runner - using system property 'karate.options': --tags @User-11
10:34:59.831 [main] INFO  com.intuit.karate.Runner - using system property 'karate.env': cert
10:35:00.023 [main] DEBUG com.intuit.karate.Suite - [config] classpath:karate-config.js
10:35:01.700 [main] INFO  com.intuit.karate - Environment: cert 
10:35:01.701 [main] INFO  com.intuit.karate - Base URL: https://petstore.swagger.io/v2 
10:35:02.216 [main] DEBUG com.intuit.karate - request:
1 > POST https://petstore.swagger.io/v2/user/createWithArray
1 > Content-Type: application/json; charset=UTF-8
1 > Content-Length: 323
1 > Host: petstore.swagger.io
1 > Connection: Keep-Alive
1 > User-Agent: Apache-HttpClient/4.5.14 (Java/17.0.18)
1 > Accept-Encoding: gzip,deflate
[{"id":1001,"username":"usuarioQA","firstName":"Karla","lastName":"Sotomayor","email":"karla985@gmail.com","password":"Test123!","phone":"974240513","userStatus":1},{"id":1002,"username":"usuarioDev","firstName":"Luis","lastName":"Ramirez","email":"luis@gmail.com","password":"Test123!","phone":"999999999","userStatus":1}]

10:35:03.088 [main] DEBUG com.intuit.karate - response time in milliseconds: 820
1 < 200
1 < Date: Wed, 25 Feb 2026 15:35:02 GMT
1 < Content-Type: application/json
1 < Transfer-Encoding: chunked
1 < Connection: keep-alive
1 < Access-Control-Allow-Origin: *
1 < Access-Control-Allow-Methods: GET, POST, DELETE, PUT
1 < Access-Control-Allow-Headers: Content-Type, api_key, Authorization
1 < Server: Jetty(9.2.9.v20150224)
{"code":200,"type":"unknown","message":"ok"}

10:35:03.136 [main] DEBUG com.intuit.karate - request:
2 > GET https://petstore.swagger.io/v2/user/logout
2 > Host: petstore.swagger.io
2 > Connection: Keep-Alive
2 > User-Agent: Apache-HttpClient/4.5.14 (Java/17.0.18)
2 > Accept-Encoding: gzip,deflate


10:35:03.463 [main] DEBUG com.intuit.karate - response time in milliseconds: 326
2 < 200
2 < Date: Wed, 25 Feb 2026 15:35:03 GMT
2 < Content-Type: application/json
2 < Transfer-Encoding: chunked
2 < Connection: keep-alive
2 < Access-Control-Allow-Origin: *
2 < Access-Control-Allow-Methods: GET, POST, DELETE, PUT
2 < Access-Control-Allow-Headers: Content-Type, api_key, Authorization
2 < Server: Jetty(9.2.9.v20150224)
{"code":200,"type":"unknown","message":"ok"}

